# JRE version: Java(TM) SE Runtime Environment (8.0_25-b17) (build 1.8.0_25-b17)
# Java VM: Java HotSpot(TM) 64-Bit Server VM (25.25-b02 mixed mode bsd-amd64 compressed oops)
Heap:
 PSYoungGen      total 271872K, used 83703K [0x0000000795580000, 0x00000007a6880000, 0x00000007c0000000)
  eden space 265216K, 29% used [0x0000000795580000,0x000000079a1c7598,0x00000007a5880000)
  from space 6656K, 84% used [0x00000007a6000000,0x00000007a6576a40,0x00000007a6680000)
  to   space 7680K, 0% used [0x00000007a5880000,0x00000007a5880000,0x00000007a6000000)
 ParOldGen       total 87552K, used 28446K [0x0000000740000000, 0x0000000745580000, 0x0000000795580000)
  object space 87552K, 32% used [0x0000000740000000,0x0000000741bc7b60,0x0000000745580000)
 Metaspace       used 8525K, capacity 8683K, committed 8960K, reserved 1056768K
  class space    used 903K, capacity 954K, committed 1024K, reserved 1048576K
GC Heap History (10 events):
Event: 1.153 GC heap before
{Heap before GC invocations=4 (full 0):
 PSYoungGen      total 38400K, used 34800K [0x0000000795580000, 0x000000079a080000, 0x00000007c0000000)
  eden space 33280K, 100% used [0x0000000795580000,0x0000000797600000,0x0000000797600000)
  from space 5120K, 29% used [0x0000000797600000,0x000000079777c010,0x0000000797b00000)
  to   space 5120K, 0% used [0x0000000799b80000,0x0000000799b80000,0x000000079a080000)
 ParOldGen       total 87552K, used 13255K [0x0000000740000000, 0x0000000745580000, 0x0000000795580000)
  object space 87552K, 15% used [0x0000000740000000,0x0000000740cf1ea0,0x0000000745580000)
 Metaspace       used 8436K, capacity 8555K, committed 8704K, reserved 1056768K
  class space    used 903K, capacity 954K, committed 1024K, reserved 1048576K
Event: 1.156 GC heap after
Heap after GC invocations=4 (full 0):
 PSYoungGen      total 71680K, used 4557K [0x0000000795580000, 0x000000079a080000, 0x00000007c0000000)
  eden space 66560K, 0% used [0x0000000795580000,0x0000000795580000,0x0000000799680000)
  from space 5120K, 89% used [0x0000000799b80000,0x0000000799ff3640,0x000000079a080000)
  to   space 5120K, 0% used [0x0000000799680000,0x0000000799680000,0x0000000799b80000)
 ParOldGen       total 87552K, used 13263K [0x0000000740000000, 0x0000000745580000, 0x0000000795580000)
  object space 87552K, 15% used [0x0000000740000000,0x0000000740cf3ea0,0x0000000745580000)
 Metaspace       used 8436K, capacity 8555K, committed 8704K, reserved 1056768K
  class space    used 903K, capacity 954K, committed 1024K, reserved 1048576K
}
Event: 1.391 GC heap before
{Heap before GC invocations=5 (full 0):
 PSYoungGen      total 71680K, used 71117K [0x0000000795580000, 0x000000079a080000, 0x00000007c0000000)
  eden space 66560K, 100% used [0x0000000795580000,0x0000000799680000,0x0000000799680000)
  from space 5120K, 89% used [0x0000000799b80000,0x0000000799ff3640,0x000000079a080000)
  to   space 5120K, 0% used [0x0000000799680000,0x0000000799680000,0x0000000799b80000)
 ParOldGen       total 87552K, used 13263K [0x0000000740000000, 0x0000000745580000, 0x0000000795580000)
  object space 87552K, 15% used [0x0000000740000000,0x0000000740cf3ea0,0x0000000745580000)
 Metaspace       used 8442K, capacity 8555K, committed 8704K, reserved 1056768K
  class space    used 903K, capacity 954K, committed 1024K, reserved 1048576K
Event: 1.395 GC heap after
Heap after GC invocations=5 (full 0):
 PSYoungGen      total 71680K, used 4422K [0x0000000795580000, 0x000000079e380000, 0x00000007c0000000)
  eden space 66560K, 0% used [0x0000000795580000,0x0000000795580000,0x0000000799680000)
  from space 5120K, 86% used [0x0000000799680000,0x0000000799ad1840,0x0000000799b80000)
  to   space 6144K, 0% used [0x000000079dd80000,0x000000079dd80000,0x000000079e380000)
 ParOldGen       total 87552K, used 21406K [0x0000000740000000, 0x0000000745580000, 0x0000000795580000)
  object space 87552K, 24% used [0x0000000740000000,0x00000007414e7900,0x0000000745580000)
 Metaspace       used 8442K, capacity 8555K, committed 8704K, reserved 1056768K
  class space    used 903K, capacity 954K, committed 1024K, reserved 1048576K
}
Event: 1.609 GC heap before
{Heap before GC invocations=6 (full 0):
 PSYoungGen      total 71680K, used 70982K [0x0000000795580000, 0x000000079e380000, 0x00000007c0000000)
  eden space 66560K, 100% used [0x0000000795580000,0x0000000799680000,0x0000000799680000)
  from space 5120K, 86% used [0x0000000799680000,0x0000000799ad1840,0x0000000799b80000)
  to   space 6144K, 0% used [0x000000079dd80000,0x000000079dd80000,0x000000079e380000)
 ParOldGen       total 87552K, used 21406K [0x0000000740000000, 0x0000000745580000, 0x0000000795580000)
  object space 87552K, 24% used [0x0000000740000000,0x00000007414e7900,0x0000000745580000)
 Metaspace       used 8450K, capacity 8619K, committed 8704K, reserved 1056768K
  class space    used 903K, capacity 954K, committed 1024K, reserved 1048576K
Event: 1.611 GC heap after
Heap after GC invocations=6 (full 0):
 PSYoungGen      total 139264K, used 4621K [0x0000000795580000, 0x000000079e380000, 0x00000007c0000000)
  eden space 133120K, 0% used [0x0000000795580000,0x0000000795580000,0x000000079d780000)
  from space 6144K, 75% used [0x000000079dd80000,0x000000079e203640,0x000000079e380000)
  to   space 6144K, 0% used [0x000000079d780000,0x000000079d780000,0x000000079dd80000)
 ParOldGen       total 87552K, used 21414K [0x0000000740000000, 0x0000000745580000, 0x0000000795580000)
  object space 87552K, 24% used [0x0000000740000000,0x00000007414e9900,0x0000000745580000)
 Metaspace       used 8450K, capacity 8619K, committed 8704K, reserved 1056768K
  class space    used 903K, capacity 954K, committed 1024K, reserved 1048576K
}
Event: 2.075 GC heap before
{Heap before GC invocations=7 (full 0):
 PSYoungGen      total 139264K, used 137741K [0x0000000795580000, 0x000000079e380000, 0x00000007c0000000)
  eden space 133120K, 100% used [0x0000000795580000,0x000000079d780000,0x000000079d780000)
  from space 6144K, 75% used [0x000000079dd80000,0x000000079e203640,0x000000079e380000)
  to   space 6144K, 0% used [0x000000079d780000,0x000000079d780000,0x000000079dd80000)
 ParOldGen       total 87552K, used 21414K [0x0000000740000000, 0x0000000745580000, 0x0000000795580000)
  object space 87552K, 24% used [0x0000000740000000,0x00000007414e9900,0x0000000745580000)
 Metaspace       used 8475K, capacity 8619K, committed 8704K, reserved 1056768K
  class space    used 903K, capacity 954K, committed 1024K, reserved 1048576K
Event: 2.077 GC heap after
Heap after GC invocations=7 (full 0):
 PSYoungGen      total 139264K, used 128K [0x0000000795580000, 0x00000007a6680000, 0x00000007c0000000)
  eden space 133120K, 0% used [0x0000000795580000,0x0000000795580000,0x000000079d780000)
  from space 6144K, 2% used [0x000000079d780000,0x000000079d7a0000,0x000000079dd80000)
  to   space 6656K, 0% used [0x00000007a6000000,0x00000007a6000000,0x00000007a6680000)
 ParOldGen       total 87552K, used 22852K [0x0000000740000000, 0x0000000745580000, 0x0000000795580000)
  object space 87552K, 26% used [0x0000000740000000,0x0000000741651320,0x0000000745580000)
 Metaspace       used 8475K, capacity 8619K, committed 8704K, reserved 1056768K
  class space    used 903K, capacity 954K, committed 1024K, reserved 1048576K
}
Event: 2.522 GC heap before
{Heap before GC invocations=8 (full 0):
 PSYoungGen      total 139264K, used 133248K [0x0000000795580000, 0x00000007a6680000, 0x00000007c0000000)
  eden space 133120K, 100% used [0x0000000795580000,0x000000079d780000,0x000000079d780000)
  from space 6144K, 2% used [0x000000079d780000,0x000000079d7a0000,0x000000079dd80000)
  to   space 6656K, 0% used [0x00000007a6000000,0x00000007a6000000,0x00000007a6680000)
 ParOldGen       total 87552K, used 22852K [0x0000000740000000, 0x0000000745580000, 0x0000000795580000)
  object space 87552K, 26% used [0x0000000740000000,0x0000000741651320,0x0000000745580000)
 Metaspace       used 8486K, capacity 8619K, committed 8704K, reserved 1056768K
  class space    used 903K, capacity 954K, committed 1024K, reserved 1048576K
Event: 2.525 GC heap after
Heap after GC invocations=8 (full 0):
 PSYoungGen      total 271872K, used 5594K [0x0000000795580000, 0x00000007a6880000, 0x00000007c0000000)
  eden space 265216K, 0% used [0x0000000795580000,0x0000000795580000,0x00000007a5880000)
  from space 6656K, 84% used [0x00000007a6000000,0x00000007a6576a40,0x00000007a6680000)
  to   space 7680K, 0% used [0x00000007a5880000,0x00000007a5880000,0x00000007a6000000)
 ParOldGen       total 87552K, used 28446K [0x0000000740000000, 0x0000000745580000, 0x0000000795580000)
  object space 87552K, 32% used [0x0000000740000000,0x0000000741bc7b60,0x0000000745580000)
 Metaspace       used 8486K, capacity 8619K, committed 8704K, reserved 1056768K
  class space    used 903K, capacity 954K, committed 1024K, reserved 1048576K
}

